A.J. changes to DrellYan (1D) package, made on 2012 Jan 16
  Missing: FullChain.sh was not checked

Changes:
- Header files in Include (T*.hh) were modified to define 
	the class version 2. This provides compatibility with 
	42X n-tuples. Note that the files define "FullSet" types

- Changes in Include/TriggerSelection.hh:
a)	Removed bugs in Include/TriggerSelection.hh. MC samples
	were not getting the correct trigger bits
b)	To match types of EWKAnaDefs.hh trigger bits are of type
	ULong_t. Note: This change might be unnecessary at the moment
c)	The default bits for failure are set to 0, instead of -1 
	(all bits =1)
d)	A new auxiliary function is defined, PrintBits(number)


- Changes in Selection/selectEvents1D.C: ULong_t instead of UInt_t
        ULong_t eventTriggerBit
        ULong_t leadingTriggerObjectBit
        ULong_t trailingTriggerObjectBit

- Changes in MassSpectrum/
	removed prepareYields.C since this is a remnant of the 
	intermediate step

